2025-06-08 11:36:38,489 - INFO - Fetching reviews for Commercial Bank of Ethiopia...
2025-06-08 11:36:40,154 - INFO - \u2705Fetched 400 reviews for Commercial Bank of Ethiopia.
2025-06-08 11:36:40,159 - INFO - Saved raw reviews to data/raw/Commercial_Bank_of_Ethiopia_reviews_raw_20250608_113640.csv
2025-06-08 11:36:40,159 - INFO - Fetching reviews for Bank of Abyssinia...
2025-06-08 11:36:40,970 - INFO - \u2705Fetched 400 reviews for Bank of Abyssinia.
2025-06-08 11:36:40,972 - INFO - Saved raw reviews to data/raw/Bank_of_Abyssinia_reviews_raw_20250608_113640.csv
2025-06-08 11:36:40,972 - INFO - Fetching reviews for Dashen Bank...
2025-06-08 11:36:42,002 - INFO - \u2705Fetched 400 reviews for Dashen Bank.
2025-06-08 11:36:42,007 - INFO - Saved raw reviews to data/raw/Dashen_Bank_reviews_raw_20250608_113642.csv
2025-06-08 11:37:06,562 - INFO - Found 3 raw CSV files to process.
2025-06-08 11:37:06,562 - INFO - Processing data/raw\Bank_of_Abyssinia_reviews_raw_20250608_113640.csv...
2025-06-08 11:37:06,596 - INFO - Processing data/raw\Commercial_Bank_of_Ethiopia_reviews_raw_20250608_113640.csv...
2025-06-08 11:37:06,596 - INFO - Processing data/raw\Dashen_Bank_reviews_raw_20250608_113642.csv...
2025-06-08 11:37:06,620 - INFO - Loaded 1200 raw reviews.
2025-06-08 11:37:06,620 - INFO - Reduced to 1190 unique reviews after removing duplicates.
2025-06-08 11:37:06,624 - INFO - Saved cleaned reviews to data/clean/ethiopian_banks_reviews_cleaned_20250608_113706.csv
2025-06-08 11:38:13,703 - INFO - Found 3 raw CSV files to process.
2025-06-08 11:38:13,703 - INFO - Processing data/raw\Bank_of_Abyssinia_reviews_raw_20250608_113640.csv...
2025-06-08 11:38:13,703 - INFO - Processing data/raw\Commercial_Bank_of_Ethiopia_reviews_raw_20250608_113640.csv...
2025-06-08 11:38:13,703 - INFO - Processing data/raw\Dashen_Bank_reviews_raw_20250608_113642.csv...
2025-06-08 11:38:13,703 - INFO - Loaded 1200 raw reviews.
2025-06-08 11:38:13,703 - INFO - Reduced to 1190 unique reviews after removing duplicates.
2025-06-08 11:38:13,714 - INFO - Saved 399 cleaned reviews to data/clean/Bank_of_Abyssinia_cleaned_reviews_20250608_113813.csv
2025-06-08 11:38:13,715 - INFO - Saved 392 cleaned reviews to data/clean/Commercial_Bank_of_Ethiopia_cleaned_reviews_20250608_113813.csv
2025-06-08 11:38:13,758 - INFO - Saved 399 cleaned reviews to data/clean/Dashen_Bank_cleaned_reviews_20250608_113813.csv
